<?xml version="1.0" encoding="UTF-8"?>
<testsuite name="curso.dio.mockito.MockObjetos" tests="1" skipped="0" failures="0" errors="0" timestamp="2023-01-12T02:30:49" hostname="DESKTOP-MT51TTN" time="0.596">
  <properties/>
  <testcase name="validarCadastro()" classname="curso.dio.mockito.MockObjetos" time="0.596"/>
  <system-out><![CDATA[]]></system-out>
  <system-err><![CDATA[]]></system-err>
</testsuite>
