<?xml version="1.0" encoding="UTF-8"?>
<testsuite name="curso.dio.junit.TestarConexao" tests="2" skipped="0" failures="0" errors="0" timestamp="2023-01-12T00:48:32" hostname="DESKTOP-MT51TTN" time="0.034">
  <properties/>
  <testcase name="validarDadoRetorno()" classname="curso.dio.junit.TestarConexao" time="0.028"/>
  <testcase name="validarDadosRetorno2()" classname="curso.dio.junit.TestarConexao" time="0.005"/>
  <system-out><![CDATA[]]></system-out>
  <system-err><![CDATA[jan. 11, 2023 9:48:32 PM curso.dio.junit.BancoDeDados iniciarConexao
INFORMAÇÕES: Iniciou ConexÃ£o
jan. 11, 2023 9:48:32 PM curso.dio.junit.BancoDeDados inserirDados
INFORMAÇÕES: Inseriu dados
jan. 11, 2023 9:48:32 PM curso.dio.junit.BancoDeDados removeDados
INFORMAÇÕES: Removeu dados
jan. 11, 2023 9:48:32 PM curso.dio.junit.BancoDeDados inserirDados
INFORMAÇÕES: Inseriu dados
jan. 11, 2023 9:48:32 PM curso.dio.junit.BancoDeDados removeDados
INFORMAÇÕES: Removeu dados
jan. 11, 2023 9:48:32 PM curso.dio.junit.BancoDeDados fecharConexao
INFORMAÇÕES: Fechou ConexÃ£o
]]></system-err>
</testsuite>
