<?xml version="1.0" encoding="UTF-8"?>
<testsuite name="curso.dio.junit.PessoaTeste" tests="2" skipped="0" failures="0" errors="0" timestamp="2023-01-12T00:19:37" hostname="DESKTOP-MT51TTN" time="0.034">
  <properties/>
  <testcase name="verificarMaioridade()" classname="curso.dio.junit.PessoaTeste" time="0.032"/>
  <testcase name="validarCalculoIdade()" classname="curso.dio.junit.PessoaTeste" time="0.002"/>
  <system-out><![CDATA[]]></system-out>
  <system-err><![CDATA[]]></system-err>
</testsuite>
